Started GET "/" for 127.0.0.1 at 2018-09-17 14:08:21 -0700
Processing by Rails::WelcomeController#index as HTML
  Rendering /Users/ada/.rvm/gems/ruby-2.5.1/gems/railties-5.2.1/lib/rails/templates/rails/welcome/index.html.erb
  Rendered /Users/ada/.rvm/gems/ruby-2.5.1/gems/railties-5.2.1/lib/rails/templates/rails/welcome/index.html.erb (3.8ms)
Completed 200 OK in 26ms (Views: 13.9ms | ActiveRecord: 0.0ms)


Started GET "/" for 127.0.0.1 at 2018-09-17 14:09:30 -0700
Processing by Rails::WelcomeController#index as HTML
  Rendering /Users/ada/.rvm/gems/ruby-2.5.1/gems/railties-5.2.1/lib/rails/templates/rails/welcome/index.html.erb
  Rendered /Users/ada/.rvm/gems/ruby-2.5.1/gems/railties-5.2.1/lib/rails/templates/rails/welcome/index.html.erb (1.9ms)
Completed 200 OK in 11ms (Views: 5.7ms | ActiveRecord: 0.0ms)


Started GET "/" for 127.0.0.1 at 2018-09-17 15:20:50 -0700
Processing by Rails::WelcomeController#index as HTML
  Rendering /Users/ada/.rvm/gems/ruby-2.5.1/gems/railties-5.2.1/lib/rails/templates/rails/welcome/index.html.erb
  Rendered /Users/ada/.rvm/gems/ruby-2.5.1/gems/railties-5.2.1/lib/rails/templates/rails/welcome/index.html.erb (3.3ms)
Completed 200 OK in 19ms (Views: 8.1ms | ActiveRecord: 0.0ms)


Started GET "/" for 127.0.0.1 at 2018-09-17 15:20:52 -0700
Processing by Rails::WelcomeController#index as HTML
  Rendering /Users/ada/.rvm/gems/ruby-2.5.1/gems/railties-5.2.1/lib/rails/templates/rails/welcome/index.html.erb
  Rendered /Users/ada/.rvm/gems/ruby-2.5.1/gems/railties-5.2.1/lib/rails/templates/rails/welcome/index.html.erb (2.5ms)
Completed 200 OK in 8ms (Views: 5.2ms | ActiveRecord: 0.0ms)


Started GET "/" for 127.0.0.1 at 2018-09-17 15:20:53 -0700
Processing by Rails::WelcomeController#index as HTML
  Rendering /Users/ada/.rvm/gems/ruby-2.5.1/gems/railties-5.2.1/lib/rails/templates/rails/welcome/index.html.erb
  Rendered /Users/ada/.rvm/gems/ruby-2.5.1/gems/railties-5.2.1/lib/rails/templates/rails/welcome/index.html.erb (2.6ms)
Completed 200 OK in 11ms (Views: 7.1ms | ActiveRecord: 0.0ms)


Started GET "/books/2" for 127.0.0.1 at 2018-09-17 15:21:29 -0700
  
ActionController::RoutingError (No route matches [GET] "/books/2"):
  
actionpack (5.2.1) lib/action_dispatch/middleware/debug_exceptions.rb:65:in `call'
web-console (3.7.0) lib/web_console/middleware.rb:135:in `call_app'
web-console (3.7.0) lib/web_console/middleware.rb:30:in `block in call'
web-console (3.7.0) lib/web_console/middleware.rb:20:in `catch'
web-console (3.7.0) lib/web_console/middleware.rb:20:in `call'
actionpack (5.2.1) lib/action_dispatch/middleware/show_exceptions.rb:33:in `call'
railties (5.2.1) lib/rails/rack/logger.rb:38:in `call_app'
railties (5.2.1) lib/rails/rack/logger.rb:26:in `block in call'
activesupport (5.2.1) lib/active_support/tagged_logging.rb:71:in `block in tagged'
activesupport (5.2.1) lib/active_support/tagged_logging.rb:28:in `tagged'
activesupport (5.2.1) lib/active_support/tagged_logging.rb:71:in `tagged'
railties (5.2.1) lib/rails/rack/logger.rb:26:in `call'
sprockets-rails (3.2.1) lib/sprockets/rails/quiet_assets.rb:13:in `call'
actionpack (5.2.1) lib/action_dispatch/middleware/remote_ip.rb:81:in `call'
actionpack (5.2.1) lib/action_dispatch/middleware/request_id.rb:27:in `call'
rack (2.0.5) lib/rack/method_override.rb:22:in `call'
rack (2.0.5) lib/rack/runtime.rb:22:in `call'
activesupport (5.2.1) lib/active_support/cache/strategy/local_cache_middleware.rb:29:in `call'
actionpack (5.2.1) lib/action_dispatch/middleware/executor.rb:14:in `call'
actionpack (5.2.1) lib/action_dispatch/middleware/static.rb:127:in `call'
rack (2.0.5) lib/rack/sendfile.rb:111:in `call'
railties (5.2.1) lib/rails/engine.rb:524:in `call'
puma (3.12.0) lib/puma/configuration.rb:225:in `call'
puma (3.12.0) lib/puma/server.rb:658:in `handle_request'
puma (3.12.0) lib/puma/server.rb:472:in `process_client'
puma (3.12.0) lib/puma/server.rb:332:in `block in run'
puma (3.12.0) lib/puma/thread_pool.rb:133:in `block in spawn_thread'
  [1m[35m (0.5ms)[0m  [1m[34mSELECT sqlite_version(*)[0m
  ↳ bin/rails:9
  [1m[35m (1.2ms)[0m  [1m[35mCREATE TABLE "schema_migrations" ("version" varchar NOT NULL PRIMARY KEY)[0m
  ↳ bin/rails:9
  [1m[35m (1.3ms)[0m  [1m[35mCREATE TABLE "ar_internal_metadata" ("key" varchar NOT NULL PRIMARY KEY, "value" varchar, "created_at" datetime NOT NULL, "updated_at" datetime NOT NULL)[0m
  ↳ bin/rails:9
  [1m[35m (0.3ms)[0m  [1m[34mSELECT "schema_migrations"."version" FROM "schema_migrations" ORDER BY "schema_migrations"."version" ASC[0m
  ↳ bin/rails:9
Migrating to CreateTasks (20180918225327)
  [1m[35m (0.1ms)[0m  [1m[36mbegin transaction[0m
  ↳ bin/rails:9
  [1m[35m (0.4ms)[0m  [1m[35mCREATE TABLE "tasks" ("id" integer PRIMARY KEY AUTOINCREMENT NOT NULL, "name" varchar, "description" varchar, "completion_date" varchar, "created_at" datetime NOT NULL, "updated_at" datetime NOT NULL)[0m
  ↳ db/migrate/20180918225327_create_tasks.rb:3
  [1m[36mActiveRecord::SchemaMigration Create (0.2ms)[0m  [1m[32mINSERT INTO "schema_migrations" ("version") VALUES (?)[0m  [["version", "20180918225327"]]
  ↳ bin/rails:9
  [1m[35m (1.4ms)[0m  [1m[36mcommit transaction[0m
  ↳ bin/rails:9
  [1m[36mActiveRecord::InternalMetadata Load (0.2ms)[0m  [1m[34mSELECT  "ar_internal_metadata".* FROM "ar_internal_metadata" WHERE "ar_internal_metadata"."key" = ? LIMIT ?[0m  [["key", "environment"], ["LIMIT", 1]]
  ↳ bin/rails:9
  [1m[35m (0.0ms)[0m  [1m[36mbegin transaction[0m
  ↳ bin/rails:9
  [1m[36mActiveRecord::InternalMetadata Create (0.3ms)[0m  [1m[32mINSERT INTO "ar_internal_metadata" ("key", "value", "created_at", "updated_at") VALUES (?, ?, ?, ?)[0m  [["key", "environment"], ["value", "development"], ["created_at", "2018-09-18 22:54:44.145572"], ["updated_at", "2018-09-18 22:54:44.145572"]]
  ↳ bin/rails:9
  [1m[35m (1.2ms)[0m  [1m[36mcommit transaction[0m
  ↳ bin/rails:9
  [1m[35m (0.1ms)[0m  [1m[34mSELECT "schema_migrations"."version" FROM "schema_migrations" ORDER BY "schema_migrations"."version" ASC[0m
  ↳ bin/rails:9
  [1m[35m (0.3ms)[0m  [1m[34mSELECT "schema_migrations"."version" FROM "schema_migrations" ORDER BY "schema_migrations"."version" ASC[0m
  ↳ bin/rails:9
  [1m[36mActiveRecord::InternalMetadata Load (0.2ms)[0m  [1m[34mSELECT  "ar_internal_metadata".* FROM "ar_internal_metadata" WHERE "ar_internal_metadata"."key" = ? LIMIT ?[0m  [["key", "environment"], ["LIMIT", 1]]
  ↳ bin/rails:9
  [1m[35m (0.1ms)[0m  [1m[36mbegin transaction[0m
  ↳ bin/rails:9
  [1m[35m (0.1ms)[0m  [1m[36mcommit transaction[0m
  ↳ bin/rails:9
  [1m[35m (0.1ms)[0m  [1m[34mSELECT "schema_migrations"."version" FROM "schema_migrations" ORDER BY "schema_migrations"."version" ASC[0m
  ↳ bin/rails:9
  [1m[35m (0.1ms)[0m  [1m[34mSELECT "schema_migrations"."version" FROM "schema_migrations" ORDER BY "schema_migrations"."version" ASC[0m
  ↳ bin/rails:9
  [1m[36mActiveRecord::InternalMetadata Load (0.1ms)[0m  [1m[34mSELECT  "ar_internal_metadata".* FROM "ar_internal_metadata" WHERE "ar_internal_metadata"."key" = ? LIMIT ?[0m  [["key", "environment"], ["LIMIT", 1]]
  ↳ bin/rails:9
  [1m[35m (0.0ms)[0m  [1m[36mbegin transaction[0m
  ↳ bin/rails:9
  [1m[35m (0.0ms)[0m  [1m[36mcommit transaction[0m
  ↳ bin/rails:9
  [1m[35m (0.1ms)[0m  [1m[34mSELECT "schema_migrations"."version" FROM "schema_migrations" ORDER BY "schema_migrations"."version" ASC[0m
  ↳ bin/rails:9
  [1m[35m (0.7ms)[0m  [1m[34mSELECT "schema_migrations"."version" FROM "schema_migrations" ORDER BY "schema_migrations"."version" ASC[0m
  ↳ bin/rails:9
  [1m[35m (0.1ms)[0m  [1m[36mbegin transaction[0m
  [1m[36mTask Create (1.0ms)[0m  [1m[32mINSERT INTO "tasks" ("name", "description", "completion_date", "created_at", "updated_at") VALUES (?, ?, ?, ?, ?)[0m  [["name", "Clean Room"], ["description", "make bed and vaccum"], ["completion_date", "2018-09-09"], ["created_at", "2018-09-19 00:44:36.888710"], ["updated_at", "2018-09-19 00:44:36.888710"]]
  [1m[35m (0.9ms)[0m  [1m[36mcommit transaction[0m
  [1m[35m (0.7ms)[0m  [1m[36mbegin transaction[0m
  [1m[36mTask Create (2.2ms)[0m  [1m[32mINSERT INTO "tasks" ("name", "description", "completion_date", "created_at", "updated_at") VALUES (?, ?, ?, ?, ?)[0m  [["name", "Water Plants"], ["description", "add compost and water to plants"], ["completion_date", "2018-10-09"], ["created_at", "2018-09-19 18:19:52.997446"], ["updated_at", "2018-09-19 18:19:52.997446"]]
  [1m[35m (1.6ms)[0m  [1m[36mcommit transaction[0m
  [1m[36mTask Load (0.4ms)[0m  [1m[34mSELECT  "tasks".* FROM "tasks" LIMIT ?[0m  [["LIMIT", 11]]
Started GET "/task" for 127.0.0.1 at 2018-09-19 16:26:35 -0700
  [1m[35m (0.5ms)[0m  [1m[34mSELECT "schema_migrations"."version" FROM "schema_migrations" ORDER BY "schema_migrations"."version" ASC[0m
  ↳ /Users/ada/.rvm/gems/ruby-2.5.1/gems/activerecord-5.2.1/lib/active_record/log_subscriber.rb:98
  
ActionController::RoutingError (No route matches [GET] "/task"):
  
actionpack (5.2.1) lib/action_dispatch/middleware/debug_exceptions.rb:65:in `call'
web-console (3.7.0) lib/web_console/middleware.rb:135:in `call_app'
web-console (3.7.0) lib/web_console/middleware.rb:30:in `block in call'
web-console (3.7.0) lib/web_console/middleware.rb:20:in `catch'
web-console (3.7.0) lib/web_console/middleware.rb:20:in `call'
actionpack (5.2.1) lib/action_dispatch/middleware/show_exceptions.rb:33:in `call'
railties (5.2.1) lib/rails/rack/logger.rb:38:in `call_app'
railties (5.2.1) lib/rails/rack/logger.rb:26:in `block in call'
activesupport (5.2.1) lib/active_support/tagged_logging.rb:71:in `block in tagged'
activesupport (5.2.1) lib/active_support/tagged_logging.rb:28:in `tagged'
activesupport (5.2.1) lib/active_support/tagged_logging.rb:71:in `tagged'
railties (5.2.1) lib/rails/rack/logger.rb:26:in `call'
sprockets-rails (3.2.1) lib/sprockets/rails/quiet_assets.rb:13:in `call'
actionpack (5.2.1) lib/action_dispatch/middleware/remote_ip.rb:81:in `call'
actionpack (5.2.1) lib/action_dispatch/middleware/request_id.rb:27:in `call'
rack (2.0.5) lib/rack/method_override.rb:22:in `call'
rack (2.0.5) lib/rack/runtime.rb:22:in `call'
activesupport (5.2.1) lib/active_support/cache/strategy/local_cache_middleware.rb:29:in `call'
actionpack (5.2.1) lib/action_dispatch/middleware/executor.rb:14:in `call'
actionpack (5.2.1) lib/action_dispatch/middleware/static.rb:127:in `call'
rack (2.0.5) lib/rack/sendfile.rb:111:in `call'
railties (5.2.1) lib/rails/engine.rb:524:in `call'
puma (3.12.0) lib/puma/configuration.rb:225:in `call'
puma (3.12.0) lib/puma/server.rb:658:in `handle_request'
puma (3.12.0) lib/puma/server.rb:472:in `process_client'
puma (3.12.0) lib/puma/server.rb:332:in `block in run'
puma (3.12.0) lib/puma/thread_pool.rb:133:in `block in spawn_thread'
Started GET "/tasks" for 127.0.0.1 at 2018-09-19 16:26:45 -0700
  
SyntaxError (/Users/ada/Documents/RUBY_RAILS/TaskList/app/controllers/tasks_controller.rb:4: syntax error, unexpected tIDENTIFIER, expecting '}'
...e", time:"10:00 am" description:"self-care", completion_date...
...                    ^~~~~~~~~~~):
  
app/controllers/tasks_controller.rb:4: syntax error, unexpected tIDENTIFIER, expecting '}'
Started GET "/tasks" for 127.0.0.1 at 2018-09-19 16:30:26 -0700
  
SyntaxError (/Users/ada/Documents/RUBY_RAILS/TaskList/app/controllers/tasks_controller.rb:4: syntax error, unexpected tIDENTIFIER, expecting '}'
...e", time:"10:00 am" description:"self-care", completion_date...
...                    ^~~~~~~~~~~):
  
app/controllers/tasks_controller.rb:4: syntax error, unexpected tIDENTIFIER, expecting '}'
Started GET "/tasks" for 127.0.0.1 at 2018-09-19 21:49:11 -0700
  
SyntaxError (/Users/ada/Documents/RUBY_RAILS/TaskList/app/controllers/tasks_controller.rb:4: syntax error, unexpected tIDENTIFIER, expecting '}'
...e", time:"10:00 am" description:"self-care", completion_date...
...                    ^~~~~~~~~~~):
  
app/controllers/tasks_controller.rb:4: syntax error, unexpected tIDENTIFIER, expecting '}'
Started GET "/" for 127.0.0.1 at 2018-09-20 09:40:32 -0700
  [1m[35m (0.5ms)[0m  [1m[34mSELECT "schema_migrations"."version" FROM "schema_migrations" ORDER BY "schema_migrations"."version" ASC[0m
  ↳ /Users/ada/.rvm/gems/ruby-2.5.1/gems/activerecord-5.2.1/lib/active_record/log_subscriber.rb:98
Processing by Rails::WelcomeController#index as HTML
  Rendering /Users/ada/.rvm/gems/ruby-2.5.1/gems/railties-5.2.1/lib/rails/templates/rails/welcome/index.html.erb
  Rendered /Users/ada/.rvm/gems/ruby-2.5.1/gems/railties-5.2.1/lib/rails/templates/rails/welcome/index.html.erb (2.5ms)
Completed 200 OK in 18ms (Views: 7.2ms | ActiveRecord: 0.0ms)


Started GET "/books" for 127.0.0.1 at 2018-09-20 09:40:36 -0700
  
ActionController::RoutingError (No route matches [GET] "/books"):
  
actionpack (5.2.1) lib/action_dispatch/middleware/debug_exceptions.rb:65:in `call'
web-console (3.7.0) lib/web_console/middleware.rb:135:in `call_app'
web-console (3.7.0) lib/web_console/middleware.rb:30:in `block in call'
web-console (3.7.0) lib/web_console/middleware.rb:20:in `catch'
web-console (3.7.0) lib/web_console/middleware.rb:20:in `call'
actionpack (5.2.1) lib/action_dispatch/middleware/show_exceptions.rb:33:in `call'
railties (5.2.1) lib/rails/rack/logger.rb:38:in `call_app'
railties (5.2.1) lib/rails/rack/logger.rb:26:in `block in call'
activesupport (5.2.1) lib/active_support/tagged_logging.rb:71:in `block in tagged'
activesupport (5.2.1) lib/active_support/tagged_logging.rb:28:in `tagged'
activesupport (5.2.1) lib/active_support/tagged_logging.rb:71:in `tagged'
railties (5.2.1) lib/rails/rack/logger.rb:26:in `call'
sprockets-rails (3.2.1) lib/sprockets/rails/quiet_assets.rb:13:in `call'
actionpack (5.2.1) lib/action_dispatch/middleware/remote_ip.rb:81:in `call'
actionpack (5.2.1) lib/action_dispatch/middleware/request_id.rb:27:in `call'
rack (2.0.5) lib/rack/method_override.rb:22:in `call'
rack (2.0.5) lib/rack/runtime.rb:22:in `call'
activesupport (5.2.1) lib/active_support/cache/strategy/local_cache_middleware.rb:29:in `call'
actionpack (5.2.1) lib/action_dispatch/middleware/executor.rb:14:in `call'
actionpack (5.2.1) lib/action_dispatch/middleware/static.rb:127:in `call'
rack (2.0.5) lib/rack/sendfile.rb:111:in `call'
railties (5.2.1) lib/rails/engine.rb:524:in `call'
puma (3.12.0) lib/puma/configuration.rb:225:in `call'
puma (3.12.0) lib/puma/server.rb:658:in `handle_request'
puma (3.12.0) lib/puma/server.rb:472:in `process_client'
puma (3.12.0) lib/puma/server.rb:332:in `block in run'
puma (3.12.0) lib/puma/thread_pool.rb:133:in `block in spawn_thread'
Started GET "/book" for 127.0.0.1 at 2018-09-20 09:40:45 -0700
  
ActionController::RoutingError (No route matches [GET] "/book"):
  
actionpack (5.2.1) lib/action_dispatch/middleware/debug_exceptions.rb:65:in `call'
web-console (3.7.0) lib/web_console/middleware.rb:135:in `call_app'
web-console (3.7.0) lib/web_console/middleware.rb:30:in `block in call'
web-console (3.7.0) lib/web_console/middleware.rb:20:in `catch'
web-console (3.7.0) lib/web_console/middleware.rb:20:in `call'
actionpack (5.2.1) lib/action_dispatch/middleware/show_exceptions.rb:33:in `call'
railties (5.2.1) lib/rails/rack/logger.rb:38:in `call_app'
railties (5.2.1) lib/rails/rack/logger.rb:26:in `block in call'
activesupport (5.2.1) lib/active_support/tagged_logging.rb:71:in `block in tagged'
activesupport (5.2.1) lib/active_support/tagged_logging.rb:28:in `tagged'
activesupport (5.2.1) lib/active_support/tagged_logging.rb:71:in `tagged'
railties (5.2.1) lib/rails/rack/logger.rb:26:in `call'
sprockets-rails (3.2.1) lib/sprockets/rails/quiet_assets.rb:13:in `call'
actionpack (5.2.1) lib/action_dispatch/middleware/remote_ip.rb:81:in `call'
actionpack (5.2.1) lib/action_dispatch/middleware/request_id.rb:27:in `call'
rack (2.0.5) lib/rack/method_override.rb:22:in `call'
rack (2.0.5) lib/rack/runtime.rb:22:in `call'
activesupport (5.2.1) lib/active_support/cache/strategy/local_cache_middleware.rb:29:in `call'
actionpack (5.2.1) lib/action_dispatch/middleware/executor.rb:14:in `call'
actionpack (5.2.1) lib/action_dispatch/middleware/static.rb:127:in `call'
rack (2.0.5) lib/rack/sendfile.rb:111:in `call'
railties (5.2.1) lib/rails/engine.rb:524:in `call'
puma (3.12.0) lib/puma/configuration.rb:225:in `call'
puma (3.12.0) lib/puma/server.rb:658:in `handle_request'
puma (3.12.0) lib/puma/server.rb:472:in `process_client'
puma (3.12.0) lib/puma/server.rb:332:in `block in run'
puma (3.12.0) lib/puma/thread_pool.rb:133:in `block in spawn_thread'
Started GET "/" for 127.0.0.1 at 2018-09-20 13:18:34 -0700
  [1m[35m (0.4ms)[0m  [1m[34mSELECT "schema_migrations"."version" FROM "schema_migrations" ORDER BY "schema_migrations"."version" ASC[0m
  ↳ /Users/ada/.rvm/gems/ruby-2.5.1/gems/activerecord-5.2.1/lib/active_record/log_subscriber.rb:98
Processing by Rails::WelcomeController#index as HTML
  Rendering /Users/ada/.rvm/gems/ruby-2.5.1/gems/railties-5.2.1/lib/rails/templates/rails/welcome/index.html.erb
  Rendered /Users/ada/.rvm/gems/ruby-2.5.1/gems/railties-5.2.1/lib/rails/templates/rails/welcome/index.html.erb (3.8ms)
Completed 200 OK in 20ms (Views: 10.2ms | ActiveRecord: 0.0ms)


Started GET "/tasks" for 127.0.0.1 at 2018-09-20 13:18:41 -0700
  
SyntaxError (/Users/ada/Documents/RUBY_RAILS/TaskList/app/controllers/tasks_controller.rb:4: syntax error, unexpected tIDENTIFIER, expecting '}'
...e", time:"10:00 am" description:"self-care", completion_date...
...                    ^~~~~~~~~~~):
  
app/controllers/tasks_controller.rb:4: syntax error, unexpected tIDENTIFIER, expecting '}'
Started GET "/tasks" for 127.0.0.1 at 2018-09-20 13:19:34 -0700
  
SyntaxError (/Users/ada/Documents/RUBY_RAILS/TaskList/app/controllers/tasks_controller.rb:23: syntax error, unexpected end-of-input, expecting keyword_end):
  
app/controllers/tasks_controller.rb:23: syntax error, unexpected end-of-input, expecting keyword_end
Started GET "/tasks" for 127.0.0.1 at 2018-09-20 13:20:25 -0700
Processing by TasksController#index as HTML
  Rendering tasks/index.html.erb within layouts/application
  [1m[36mTask Load (0.8ms)[0m  [1m[34mSELECT "tasks".* FROM "tasks"[0m
  ↳ app/views/tasks/index.html.erb:8
  Rendered tasks/index.html.erb within layouts/application (181.3ms)
Completed 500 Internal Server Error in 196ms (ActiveRecord: 1.8ms)


  
ActionView::Template::Error (undefined local variable or method `tasks' for #<#<Class:0x00007fd5ce0ad1c8>:0x00007fd5ce0a77c8>
Did you mean?  task
               @tasks):
     7: <ul>
     8:   <% @tasks.each do |task|  %>
     9:     <li>
    10:       <%= tasks[:name] %> By: <%= tasks[:description] %> And: <% tasks[:completion_date] %>
    11:     </li>
    12:   <% end %>
    13: </ul>
  
app/views/tasks/index.html.erb:10:in `block in _app_views_tasks_index_html_erb___1535047142648300810_70278130789600'
app/views/tasks/index.html.erb:8:in `_app_views_tasks_index_html_erb___1535047142648300810_70278130789600'
Started GET "/tasks" for 127.0.0.1 at 2018-09-20 13:23:53 -0700
Processing by TasksController#index as HTML
  Rendering tasks/index.html.erb within layouts/application
  [1m[36mTask Load (0.2ms)[0m  [1m[34mSELECT "tasks".* FROM "tasks"[0m
  ↳ app/views/tasks/index.html.erb:8
  Rendered tasks/index.html.erb within layouts/application (167.6ms)
Completed 500 Internal Server Error in 179ms (ActiveRecord: 0.2ms)


  
ActionView::Template::Error (undefined local variable or method `tasks' for #<#<Class:0x00007fd5ce0ad1c8>:0x00007fd5cc52a540>
Did you mean?  task
               @tasks):
     7: <ul>
     8:   <% @tasks.each do |task|  %>
     9:     <li>
    10:       <%= tasks.name %> By: <%= tasks.description %> And: <% tasks.completion_date %>
    11:     </li>
    12:   <% end %>
    13: </ul>
  
app/views/tasks/index.html.erb:10:in `block in _app_views_tasks_index_html_erb___1535047142648300810_70278116366120'
app/views/tasks/index.html.erb:8:in `_app_views_tasks_index_html_erb___1535047142648300810_70278116366120'
Started GET "/tasks" for 127.0.0.1 at 2018-09-20 13:25:41 -0700
Processing by TasksController#index as HTML
  Rendering tasks/index.html.erb within layouts/application
  [1m[36mTask Load (0.2ms)[0m  [1m[34mSELECT "tasks".* FROM "tasks"[0m
  ↳ app/views/tasks/index.html.erb:8
  Rendered tasks/index.html.erb within layouts/application (7.4ms)
Completed 500 Internal Server Error in 18ms (ActiveRecord: 0.2ms)


  
ActionView::Template::Error (uninitialized constant ActionView::CompiledTemplates::Tasks):
     7: <ul>
     8:   <% @tasks.each do |task|  %>
     9:     <li>
    10:       <%= Tasks.name %> By: <%= Tasks.description %> And: <% Tasks.completion_date %>
    11:     </li>
    12:   <% end %>
    13: </ul>
  
app/views/tasks/index.html.erb:10:in `block in _app_views_tasks_index_html_erb___1535047142648300810_70278118421860'
app/views/tasks/index.html.erb:8:in `_app_views_tasks_index_html_erb___1535047142648300810_70278118421860'
Started GET "/tasks" for 127.0.0.1 at 2018-09-20 13:26:38 -0700
Processing by TasksController#index as HTML
  Rendering tasks/index.html.erb within layouts/application
  [1m[36mTask Load (0.2ms)[0m  [1m[34mSELECT "tasks".* FROM "tasks"[0m
  ↳ app/views/tasks/index.html.erb:8
  Rendered tasks/index.html.erb within layouts/application (6.5ms)
Completed 500 Internal Server Error in 15ms (ActiveRecord: 0.2ms)


  
ActionView::Template::Error (uninitialized constant ActionView::CompiledTemplates::Tasks):
     7: <ul>
     8:   <% @tasks.each do |task|  %>
     9:     <li>
    10:       <%= Tasks.name %> By: <%= Tasks.description %> And: <% Tasks.completion_date %>
    11:     </li>
    12:   <% end %>
    13: </ul>
  
app/views/tasks/index.html.erb:10:in `block in _app_views_tasks_index_html_erb___1535047142648300810_70278116184600'
app/views/tasks/index.html.erb:8:in `_app_views_tasks_index_html_erb___1535047142648300810_70278116184600'
Started GET "/tasks" for 127.0.0.1 at 2018-09-20 13:27:17 -0700
Processing by TasksController#index as HTML
  Rendering tasks/index.html.erb within layouts/application
  [1m[36mTask Load (0.2ms)[0m  [1m[34mSELECT "tasks".* FROM "tasks"[0m
  ↳ app/views/tasks/index.html.erb:8
  Rendered tasks/index.html.erb within layouts/application (175.9ms)
Completed 500 Internal Server Error in 185ms (ActiveRecord: 0.2ms)


  
ActionView::Template::Error (undefined local variable or method `tasks' for #<#<Class:0x00007fd5ce0ad1c8>:0x00007fd5cfa83de0>
Did you mean?  task
               @tasks):
     7: <ul>
     8:   <% @tasks.each do |task|  %>
     9:     <li>
    10:       <%= tasks.name %> By: <%= tasks.description %> And: <% tasks.completion_date %>
    11:     </li>
    12:   <% end %>
    13: </ul>
  
app/views/tasks/index.html.erb:10:in `block in _app_views_tasks_index_html_erb___1535047142648300810_70278115223160'
app/views/tasks/index.html.erb:8:in `_app_views_tasks_index_html_erb___1535047142648300810_70278115223160'
Started GET "/tasks" for 127.0.0.1 at 2018-09-20 13:28:05 -0700
Processing by TasksController#index as HTML
  Rendering tasks/index.html.erb within layouts/application
  [1m[36mTask Load (0.2ms)[0m  [1m[34mSELECT "tasks".* FROM "tasks"[0m
  ↳ app/views/tasks/index.html.erb:8
  Rendered tasks/index.html.erb within layouts/application (1.3ms)
Completed 500 Internal Server Error in 612ms (ActiveRecord: 0.2ms)


  
ActionView::Template::Error (undefined local variable or method `new_task_path' for #<#<Class:0x00007fd5ce0ad1c8>:0x00007fd5cfb06fb0>):
    21:              <%= link_to "Task Index", tasks_path%>
    22:            </li>
    23:            <li>
    24:              <a href="<%= new_task_path%>">
    25:                Add a task
    26:              </a>
    27:           </ul>
  
app/views/layouts/application.html.erb:24:in `_app_views_layouts_application_html_erb__2853553333559621658_70278144587360'
Started GET "/tasks" for 127.0.0.1 at 2018-09-20 13:28:58 -0700
Processing by TasksController#index as HTML
  Rendering tasks/index.html.erb within layouts/application
  [1m[36mTask Load (0.2ms)[0m  [1m[34mSELECT "tasks".* FROM "tasks"[0m
  ↳ app/views/tasks/index.html.erb:8
  Rendered tasks/index.html.erb within layouts/application (1.3ms)
Completed 500 Internal Server Error in 202ms (ActiveRecord: 0.2ms)


  
ActionView::Template::Error (undefined local variable or method `new_tasks_path' for #<#<Class:0x00007fd5ce0ad1c8>:0x00007fd5ccc27190>):
    21:              <%= link_to "Task Index", tasks_path%>
    22:            </li>
    23:            <li>
    24:              <a href="<%= new_tasks_path %>">
    25:                Add a task
    26:              </a>
    27:           </ul>
  
app/views/layouts/application.html.erb:24:in `_app_views_layouts_application_html_erb__2853553333559621658_70278164110540'
Started GET "/tasks" for 127.0.0.1 at 2018-09-21 11:21:29 -0700
  [1m[35m (0.4ms)[0m  [1m[34mSELECT "schema_migrations"."version" FROM "schema_migrations" ORDER BY "schema_migrations"."version" ASC[0m
  ↳ /Users/ada/.rvm/gems/ruby-2.5.1/gems/activerecord-5.2.1/lib/active_record/log_subscriber.rb:98
Processing by TasksController#index as HTML
  Rendering tasks/index.html.erb within layouts/application
  [1m[36mTask Load (0.6ms)[0m  [1m[34mSELECT "tasks".* FROM "tasks"[0m
  ↳ app/views/tasks/index.html.erb:8
  Rendered tasks/index.html.erb within layouts/application (10.0ms)
Completed 500 Internal Server Error in 422ms (ActiveRecord: 1.3ms)


  
ActionView::Template::Error (undefined local variable or method `new_tasks_path' for #<#<Class:0x00007fb9cfdecbb0>:0x00007fb9cfdf6598>
Did you mean?  new_task_path):
    21:              <%= link_to "Task Index", tasks_path%>
    22:            </li>
    23:            <li>
    24:              <a href="<%= new_tasks_path %>">
    25:                Add a task
    26:              </a>
    27:           </ul>
  
app/views/layouts/application.html.erb:24:in `_app_views_layouts_application_html_erb___3903751184569677136_70217986454200'
Started GET "/tasks" for 127.0.0.1 at 2018-09-21 11:23:15 -0700
Processing by TasksController#index as HTML
  Rendering tasks/index.html.erb within layouts/application
  [1m[36mTask Load (1.0ms)[0m  [1m[34mSELECT "tasks".* FROM "tasks"[0m
  ↳ app/views/tasks/index.html.erb:8
  Rendered tasks/index.html.erb within layouts/application (2.9ms)
Completed 200 OK in 34ms (Views: 29.6ms | ActiveRecord: 1.0ms)


Started GET "/" for 127.0.0.1 at 2018-09-21 11:23:25 -0700
Processing by Rails::WelcomeController#index as HTML
  Rendering /Users/ada/.rvm/gems/ruby-2.5.1/gems/railties-5.2.1/lib/rails/templates/rails/welcome/index.html.erb
  Rendered /Users/ada/.rvm/gems/ruby-2.5.1/gems/railties-5.2.1/lib/rails/templates/rails/welcome/index.html.erb (2.3ms)
Completed 200 OK in 14ms (Views: 7.3ms | ActiveRecord: 0.0ms)


Started GET "/" for 127.0.0.1 at 2018-09-21 11:23:25 -0700
Processing by Rails::WelcomeController#index as HTML
  Rendering /Users/ada/.rvm/gems/ruby-2.5.1/gems/railties-5.2.1/lib/rails/templates/rails/welcome/index.html.erb
  Rendered /Users/ada/.rvm/gems/ruby-2.5.1/gems/railties-5.2.1/lib/rails/templates/rails/welcome/index.html.erb (2.5ms)
Completed 200 OK in 11ms (Views: 7.7ms | ActiveRecord: 0.0ms)


Started GET "/tasks" for 127.0.0.1 at 2018-09-21 11:23:31 -0700
Processing by TasksController#index as HTML
  Rendering tasks/index.html.erb within layouts/application
  [1m[36mTask Load (0.2ms)[0m  [1m[34mSELECT "tasks".* FROM "tasks"[0m
  ↳ app/views/tasks/index.html.erb:8
  Rendered tasks/index.html.erb within layouts/application (2.1ms)
Completed 200 OK in 34ms (Views: 30.6ms | ActiveRecord: 0.2ms)


Started GET "/tasks" for 127.0.0.1 at 2018-09-21 11:23:33 -0700
Processing by TasksController#index as HTML
  Rendering tasks/index.html.erb within layouts/application
  [1m[36mTask Load (0.3ms)[0m  [1m[34mSELECT "tasks".* FROM "tasks"[0m
  ↳ app/views/tasks/index.html.erb:8
  Rendered tasks/index.html.erb within layouts/application (2.0ms)
Completed 200 OK in 42ms (Views: 39.1ms | ActiveRecord: 0.3ms)


Started GET "/tasks/new" for 127.0.0.1 at 2018-09-21 11:23:34 -0700
  
AbstractController::ActionNotFound (The action 'new' could not be found for TasksController):
  
actionpack (5.2.1) lib/abstract_controller/base.rb:129:in `process'
actionview (5.2.1) lib/action_view/rendering.rb:32:in `process'
actionpack (5.2.1) lib/action_controller/metal.rb:191:in `dispatch'
actionpack (5.2.1) lib/action_controller/metal.rb:252:in `dispatch'
actionpack (5.2.1) lib/action_dispatch/routing/route_set.rb:52:in `dispatch'
actionpack (5.2.1) lib/action_dispatch/routing/route_set.rb:34:in `serve'
actionpack (5.2.1) lib/action_dispatch/journey/router.rb:52:in `block in serve'
actionpack (5.2.1) lib/action_dispatch/journey/router.rb:35:in `each'
actionpack (5.2.1) lib/action_dispatch/journey/router.rb:35:in `serve'
actionpack (5.2.1) lib/action_dispatch/routing/route_set.rb:840:in `call'
rack (2.0.5) lib/rack/tempfile_reaper.rb:15:in `call'
rack (2.0.5) lib/rack/etag.rb:25:in `call'
rack (2.0.5) lib/rack/conditional_get.rb:25:in `call'
rack (2.0.5) lib/rack/head.rb:12:in `call'
actionpack (5.2.1) lib/action_dispatch/http/content_security_policy.rb:18:in `call'
rack (2.0.5) lib/rack/session/abstract/id.rb:232:in `context'
rack (2.0.5) lib/rack/session/abstract/id.rb:226:in `call'
actionpack (5.2.1) lib/action_dispatch/middleware/cookies.rb:670:in `call'
activerecord (5.2.1) lib/active_record/migration.rb:559:in `call'
actionpack (5.2.1) lib/action_dispatch/middleware/callbacks.rb:28:in `block in call'
activesupport (5.2.1) lib/active_support/callbacks.rb:98:in `run_callbacks'
actionpack (5.2.1) lib/action_dispatch/middleware/callbacks.rb:26:in `call'
actionpack (5.2.1) lib/action_dispatch/middleware/executor.rb:14:in `call'
actionpack (5.2.1) lib/action_dispatch/middleware/debug_exceptions.rb:61:in `call'
web-console (3.7.0) lib/web_console/middleware.rb:135:in `call_app'
web-console (3.7.0) lib/web_console/middleware.rb:30:in `block in call'
web-console (3.7.0) lib/web_console/middleware.rb:20:in `catch'
web-console (3.7.0) lib/web_console/middleware.rb:20:in `call'
actionpack (5.2.1) lib/action_dispatch/middleware/show_exceptions.rb:33:in `call'
railties (5.2.1) lib/rails/rack/logger.rb:38:in `call_app'
railties (5.2.1) lib/rails/rack/logger.rb:26:in `block in call'
activesupport (5.2.1) lib/active_support/tagged_logging.rb:71:in `block in tagged'
activesupport (5.2.1) lib/active_support/tagged_logging.rb:28:in `tagged'
activesupport (5.2.1) lib/active_support/tagged_logging.rb:71:in `tagged'
railties (5.2.1) lib/rails/rack/logger.rb:26:in `call'
sprockets-rails (3.2.1) lib/sprockets/rails/quiet_assets.rb:13:in `call'
actionpack (5.2.1) lib/action_dispatch/middleware/remote_ip.rb:81:in `call'
actionpack (5.2.1) lib/action_dispatch/middleware/request_id.rb:27:in `call'
rack (2.0.5) lib/rack/method_override.rb:22:in `call'
rack (2.0.5) lib/rack/runtime.rb:22:in `call'
activesupport (5.2.1) lib/active_support/cache/strategy/local_cache_middleware.rb:29:in `call'
actionpack (5.2.1) lib/action_dispatch/middleware/executor.rb:14:in `call'
actionpack (5.2.1) lib/action_dispatch/middleware/static.rb:127:in `call'
rack (2.0.5) lib/rack/sendfile.rb:111:in `call'
railties (5.2.1) lib/rails/engine.rb:524:in `call'
puma (3.12.0) lib/puma/configuration.rb:225:in `call'
puma (3.12.0) lib/puma/server.rb:658:in `handle_request'
puma (3.12.0) lib/puma/server.rb:472:in `process_client'
puma (3.12.0) lib/puma/server.rb:332:in `block in run'
puma (3.12.0) lib/puma/thread_pool.rb:133:in `block in spawn_thread'
Started GET "/tasks/one" for 127.0.0.1 at 2018-09-21 11:23:47 -0700
Processing by TasksController#show as HTML
  Parameters: {"id"=>"one"}
  [1m[36mTask Load (0.2ms)[0m  [1m[34mSELECT  "tasks".* FROM "tasks" WHERE "tasks"."id" = ? LIMIT ?[0m  [["id", 0], ["LIMIT", 1]]
  ↳ app/controllers/tasks_controller.rb:21
Completed 404 Not Found in 4ms (ActiveRecord: 0.2ms)


  
ActiveRecord::RecordNotFound (Couldn't find Task with 'id'=one):
  
app/controllers/tasks_controller.rb:21:in `show'
Started GET "/tasks" for 127.0.0.1 at 2018-09-21 11:24:56 -0700
Processing by TasksController#index as HTML
  Rendering tasks/index.html.erb within layouts/application
  [1m[36mTask Load (0.2ms)[0m  [1m[34mSELECT "tasks".* FROM "tasks"[0m
  ↳ app/views/tasks/index.html.erb:8
  Rendered tasks/index.html.erb within layouts/application (1.1ms)
Completed 200 OK in 21ms (Views: 17.9ms | ActiveRecord: 0.2ms)


Started GET "/tasks" for 127.0.0.1 at 2018-09-21 15:13:37 -0700
  [1m[35m (0.4ms)[0m  [1m[34mSELECT "schema_migrations"."version" FROM "schema_migrations" ORDER BY "schema_migrations"."version" ASC[0m
  ↳ /Users/ada/.rvm/gems/ruby-2.5.1/gems/activerecord-5.2.1/lib/active_record/log_subscriber.rb:98
Processing by TasksController#index as HTML
  Rendering tasks/index.html.erb within layouts/application
  [1m[36mTask Load (0.7ms)[0m  [1m[34mSELECT "tasks".* FROM "tasks"[0m
  ↳ app/views/tasks/index.html.erb:8
  Rendered tasks/index.html.erb within layouts/application (10.4ms)
Completed 200 OK in 219ms (Views: 202.5ms | ActiveRecord: 1.5ms)


Started GET "/tasks" for 127.0.0.1 at 2018-09-21 15:19:52 -0700
Processing by TasksController#index as HTML
  Rendering tasks/index.html.erb within layouts/application
  [1m[36mTask Load (1.0ms)[0m  [1m[34mSELECT "tasks".* FROM "tasks"[0m
  ↳ app/views/tasks/index.html.erb:8
  Rendered tasks/index.html.erb within layouts/application (8.1ms)
Completed 200 OK in 87ms (Views: 79.5ms | ActiveRecord: 1.0ms)


Started GET "/tasks" for 127.0.0.1 at 2018-09-21 15:19:53 -0700
Processing by TasksController#index as HTML
  Rendering tasks/index.html.erb within layouts/application
  [1m[36mTask Load (0.2ms)[0m  [1m[34mSELECT "tasks".* FROM "tasks"[0m
  ↳ app/views/tasks/index.html.erb:8
  Rendered tasks/index.html.erb within layouts/application (1.3ms)
Completed 200 OK in 28ms (Views: 24.9ms | ActiveRecord: 0.2ms)


Started GET "/tasks" for 127.0.0.1 at 2018-09-21 15:20:14 -0700
Processing by TasksController#index as HTML
  Rendering tasks/index.html.erb within layouts/application
  [1m[36mTask Load (0.5ms)[0m  [1m[34mSELECT "tasks".* FROM "tasks"[0m
  ↳ app/views/tasks/index.html.erb:8
  Rendered tasks/index.html.erb within layouts/application (1.9ms)
Completed 200 OK in 46ms (Views: 43.6ms | ActiveRecord: 0.5ms)


Started GET "/tasks" for 127.0.0.1 at 2018-09-21 15:25:52 -0700
Processing by TasksController#index as HTML
  Rendering tasks/index.html.erb within layouts/application
  [1m[36mTask Load (0.6ms)[0m  [1m[34mSELECT "tasks".* FROM "tasks"[0m
  ↳ app/views/tasks/index.html.erb:8
  Rendered tasks/index.html.erb within layouts/application (1.8ms)
Completed 200 OK in 45ms (Views: 41.9ms | ActiveRecord: 0.6ms)


Started GET "/tasks" for 127.0.0.1 at 2018-09-21 15:46:50 -0700
Processing by TasksController#index as HTML
  Rendering tasks/index.html.erb within layouts/application
  [1m[36mTask Load (1.2ms)[0m  [1m[34mSELECT "tasks".* FROM "tasks"[0m
  ↳ app/views/tasks/index.html.erb:8
  Rendered tasks/index.html.erb within layouts/application (6.3ms)
Completed 200 OK in 66ms (Views: 57.6ms | ActiveRecord: 1.2ms)


Started GET "/tasks" for 127.0.0.1 at 2018-09-21 15:46:52 -0700
Processing by TasksController#index as HTML
  Rendering tasks/index.html.erb within layouts/application
  [1m[36mTask Load (0.2ms)[0m  [1m[34mSELECT "tasks".* FROM "tasks"[0m
  ↳ app/views/tasks/index.html.erb:8
  Rendered tasks/index.html.erb within layouts/application (1.6ms)
Completed 200 OK in 29ms (Views: 26.3ms | ActiveRecord: 0.2ms)


Started GET "/tasks" for 127.0.0.1 at 2018-09-21 15:46:55 -0700
Processing by TasksController#index as HTML
  Rendering tasks/index.html.erb within layouts/application
  [1m[36mTask Load (0.2ms)[0m  [1m[34mSELECT "tasks".* FROM "tasks"[0m
  ↳ app/views/tasks/index.html.erb:8
  Rendered tasks/index.html.erb within layouts/application (1.6ms)
Completed 200 OK in 29ms (Views: 25.5ms | ActiveRecord: 0.2ms)


Started GET "/tasks" for 127.0.0.1 at 2018-09-21 15:46:58 -0700
Processing by TasksController#index as HTML
  Rendering tasks/index.html.erb within layouts/application
  [1m[36mTask Load (0.9ms)[0m  [1m[34mSELECT "tasks".* FROM "tasks"[0m
  ↳ app/views/tasks/index.html.erb:8
  Rendered tasks/index.html.erb within layouts/application (2.3ms)
Completed 200 OK in 31ms (Views: 25.0ms | ActiveRecord: 0.9ms)


Started GET "/" for 127.0.0.1 at 2018-09-21 15:47:04 -0700
Processing by Rails::WelcomeController#index as HTML
  Rendering /Users/ada/.rvm/gems/ruby-2.5.1/gems/railties-5.2.1/lib/rails/templates/rails/welcome/index.html.erb
  Rendered /Users/ada/.rvm/gems/ruby-2.5.1/gems/railties-5.2.1/lib/rails/templates/rails/welcome/index.html.erb (2.2ms)
Completed 200 OK in 14ms (Views: 8.2ms | ActiveRecord: 0.0ms)


Started GET "/" for 127.0.0.1 at 2018-09-21 15:47:07 -0700
Processing by Rails::WelcomeController#index as HTML
  Rendering /Users/ada/.rvm/gems/ruby-2.5.1/gems/railties-5.2.1/lib/rails/templates/rails/welcome/index.html.erb
  Rendered /Users/ada/.rvm/gems/ruby-2.5.1/gems/railties-5.2.1/lib/rails/templates/rails/welcome/index.html.erb (2.8ms)
Completed 200 OK in 13ms (Views: 6.9ms | ActiveRecord: 0.0ms)


Started GET "/tasks" for 127.0.0.1 at 2018-09-21 15:47:17 -0700
Processing by TasksController#index as HTML
  Rendering tasks/index.html.erb within layouts/application
  [1m[36mTask Load (0.3ms)[0m  [1m[34mSELECT "tasks".* FROM "tasks"[0m
  ↳ app/views/tasks/index.html.erb:8
  Rendered tasks/index.html.erb within layouts/application (2.2ms)
Completed 200 OK in 85ms (Views: 80.9ms | ActiveRecord: 0.3ms)


Started GET "/tasks" for 127.0.0.1 at 2018-09-21 15:47:51 -0700
Processing by TasksController#index as HTML
  Rendering tasks/index.html.erb within layouts/application
  [1m[36mTask Load (0.2ms)[0m  [1m[34mSELECT "tasks".* FROM "tasks"[0m
  ↳ app/views/tasks/index.html.erb:8
  Rendered tasks/index.html.erb within layouts/application (1.4ms)
Completed 200 OK in 23ms (Views: 19.8ms | ActiveRecord: 0.2ms)


Started GET "/tasks" for 127.0.0.1 at 2018-09-21 15:47:52 -0700
Processing by TasksController#index as HTML
  Rendering tasks/index.html.erb within layouts/application
  [1m[36mTask Load (0.2ms)[0m  [1m[34mSELECT "tasks".* FROM "tasks"[0m
  ↳ app/views/tasks/index.html.erb:8
  Rendered tasks/index.html.erb within layouts/application (1.3ms)
Completed 200 OK in 24ms (Views: 21.3ms | ActiveRecord: 0.2ms)


Started GET "/" for 127.0.0.1 at 2018-09-22 14:21:08 -0700
  [1m[35m (0.7ms)[0m  [1m[34mSELECT "schema_migrations"."version" FROM "schema_migrations" ORDER BY "schema_migrations"."version" ASC[0m
  ↳ /Users/ada/.rvm/gems/ruby-2.5.1/gems/activerecord-5.2.1/lib/active_record/log_subscriber.rb:98
Processing by Rails::WelcomeController#index as HTML
  Rendering /Users/ada/.rvm/gems/ruby-2.5.1/gems/railties-5.2.1/lib/rails/templates/rails/welcome/index.html.erb
  Rendered /Users/ada/.rvm/gems/ruby-2.5.1/gems/railties-5.2.1/lib/rails/templates/rails/welcome/index.html.erb (3.5ms)
Completed 200 OK in 26ms (Views: 10.6ms | ActiveRecord: 0.0ms)


Started GET "/" for 127.0.0.1 at 2018-09-22 14:21:12 -0700
Processing by Rails::WelcomeController#index as HTML
  Rendering /Users/ada/.rvm/gems/ruby-2.5.1/gems/railties-5.2.1/lib/rails/templates/rails/welcome/index.html.erb
  Rendered /Users/ada/.rvm/gems/ruby-2.5.1/gems/railties-5.2.1/lib/rails/templates/rails/welcome/index.html.erb (1.8ms)
Completed 200 OK in 10ms (Views: 5.9ms | ActiveRecord: 0.0ms)


Started GET "/tasks" for 127.0.0.1 at 2018-09-22 14:21:19 -0700
Processing by TasksController#index as HTML
  Rendering tasks/index.html.erb within layouts/application
  [1m[36mTask Load (0.6ms)[0m  [1m[34mSELECT "tasks".* FROM "tasks"[0m
  ↳ app/views/tasks/index.html.erb:8
  Rendered tasks/index.html.erb within layouts/application (13.3ms)
Completed 200 OK in 277ms (Views: 268.2ms | ActiveRecord: 1.4ms)


Started GET "/tasks" for 127.0.0.1 at 2018-09-22 14:38:48 -0700
Processing by TasksController#index as HTML
  Rendering tasks/index.html.erb within layouts/application
  [1m[36mTask Load (0.6ms)[0m  [1m[34mSELECT "tasks".* FROM "tasks"[0m
  ↳ app/views/tasks/index.html.erb:8
  Rendered tasks/index.html.erb within layouts/application (192.5ms)
Completed 500 Internal Server Error in 202ms (ActiveRecord: 0.6ms)


  
ActionView::Template::Error (undefined local variable or method `tasks' for #<#<Class:0x00007fae9a0ab540>:0x00007fae9975f220>
Did you mean?  task
               @tasks):
     7: <ul>
     8:   <% @tasks.each do |task|  %>
     9:     <li>
    10:       <%= task.name %> By: <%= task.description %> And: <%= tasks.completion_date %>
    11:       <!-- <%= "#{task.name} By: #{task.description} And: #{task.completion_date}" %>    -->
    12:       </li>
    13:     <li>
  
app/views/tasks/index.html.erb:10:in `block in _app_views_tasks_index_html_erb___1922625433242583444_70193937841560'
app/views/tasks/index.html.erb:8:in `_app_views_tasks_index_html_erb___1922625433242583444_70193937841560'
Started GET "/tasks" for 127.0.0.1 at 2018-09-22 14:39:48 -0700
Processing by TasksController#index as HTML
  Rendering tasks/index.html.erb within layouts/application
  [1m[36mTask Load (0.3ms)[0m  [1m[34mSELECT "tasks".* FROM "tasks"[0m
  ↳ app/views/tasks/index.html.erb:8
  Rendered tasks/index.html.erb within layouts/application (1.6ms)
Completed 200 OK in 43ms (Views: 39.4ms | ActiveRecord: 0.3ms)


Started GET "/tasks" for 127.0.0.1 at 2018-09-22 14:40:47 -0700
Processing by TasksController#index as HTML
  Rendering tasks/index.html.erb within layouts/application
  [1m[36mTask Load (0.2ms)[0m  [1m[34mSELECT "tasks".* FROM "tasks"[0m
  ↳ app/views/tasks/index.html.erb:8
  Rendered tasks/index.html.erb within layouts/application (1.6ms)
Completed 200 OK in 41ms (Views: 38.5ms | ActiveRecord: 0.2ms)


Started GET "/tasks" for 127.0.0.1 at 2018-09-22 14:40:49 -0700
Processing by TasksController#index as HTML
  Rendering tasks/index.html.erb within layouts/application
  [1m[36mTask Load (0.2ms)[0m  [1m[34mSELECT "tasks".* FROM "tasks"[0m
  ↳ app/views/tasks/index.html.erb:8
  Rendered tasks/index.html.erb within layouts/application (1.9ms)
Completed 200 OK in 32ms (Views: 28.7ms | ActiveRecord: 0.2ms)


Started GET "/tasks" for 127.0.0.1 at 2018-09-22 14:40:51 -0700
Processing by TasksController#index as HTML
  Rendering tasks/index.html.erb within layouts/application
  [1m[36mTask Load (0.2ms)[0m  [1m[34mSELECT "tasks".* FROM "tasks"[0m
  ↳ app/views/tasks/index.html.erb:8
  Rendered tasks/index.html.erb within layouts/application (1.6ms)
Completed 200 OK in 28ms (Views: 25.5ms | ActiveRecord: 0.2ms)


Started GET "/tasks" for 127.0.0.1 at 2018-09-22 14:40:53 -0700
Processing by TasksController#index as HTML
  Rendering tasks/index.html.erb within layouts/application
  [1m[36mTask Load (1.9ms)[0m  [1m[34mSELECT "tasks".* FROM "tasks"[0m
  ↳ app/views/tasks/index.html.erb:8
  Rendered tasks/index.html.erb within layouts/application (3.7ms)
Completed 200 OK in 30ms (Views: 24.7ms | ActiveRecord: 1.9ms)


Started GET "/tasks" for 127.0.0.1 at 2018-09-22 14:41:10 -0700
Processing by TasksController#index as HTML
  Rendering tasks/index.html.erb within layouts/application
  [1m[36mTask Load (0.5ms)[0m  [1m[34mSELECT "tasks".* FROM "tasks"[0m
  ↳ app/views/tasks/index.html.erb:8
  Rendered tasks/index.html.erb within layouts/application (11.8ms)
Completed 200 OK in 41ms (Views: 34.6ms | ActiveRecord: 1.2ms)


Started GET "/tasks" for 127.0.0.1 at 2018-09-22 14:41:12 -0700
Processing by TasksController#index as HTML
  Rendering tasks/index.html.erb within layouts/application
  [1m[36mTask Load (0.2ms)[0m  [1m[34mSELECT "tasks".* FROM "tasks"[0m
  ↳ app/views/tasks/index.html.erb:8
  Rendered tasks/index.html.erb within layouts/application (1.4ms)
Completed 200 OK in 28ms (Views: 24.4ms | ActiveRecord: 0.2ms)


Started GET "/tasks" for 127.0.0.1 at 2018-09-22 14:41:13 -0700
Processing by TasksController#index as HTML
  Rendering tasks/index.html.erb within layouts/application
  [1m[36mTask Load (0.2ms)[0m  [1m[34mSELECT "tasks".* FROM "tasks"[0m
  ↳ app/views/tasks/index.html.erb:8
  Rendered tasks/index.html.erb within layouts/application (1.2ms)
Completed 200 OK in 22ms (Views: 19.3ms | ActiveRecord: 0.2ms)


Started GET "/tasks" for 127.0.0.1 at 2018-09-22 14:42:37 -0700
Processing by TasksController#index as HTML
  Rendering tasks/index.html.erb within layouts/application
  [1m[36mTask Load (0.2ms)[0m  [1m[34mSELECT "tasks".* FROM "tasks"[0m
  ↳ app/views/tasks/index.html.erb:8
  Rendered tasks/index.html.erb within layouts/application (1.4ms)
Completed 200 OK in 29ms (Views: 26.7ms | ActiveRecord: 0.2ms)


Started GET "/tasks" for 127.0.0.1 at 2018-09-22 14:43:21 -0700
Processing by TasksController#index as HTML
  Rendering tasks/index.html.erb within layouts/application
  [1m[36mTask Load (0.2ms)[0m  [1m[34mSELECT "tasks".* FROM "tasks"[0m
  ↳ app/views/tasks/index.html.erb:8
  Rendered tasks/index.html.erb within layouts/application (1.5ms)
Completed 200 OK in 28ms (Views: 24.3ms | ActiveRecord: 0.2ms)


Started GET "/tasks" for 127.0.0.1 at 2018-09-22 14:43:48 -0700
Processing by TasksController#index as HTML
  Rendering tasks/index.html.erb within layouts/application
  [1m[36mTask Load (0.2ms)[0m  [1m[34mSELECT "tasks".* FROM "tasks"[0m
  ↳ app/views/tasks/index.html.erb:8
  Rendered tasks/index.html.erb within layouts/application (1.4ms)
Completed 200 OK in 23ms (Views: 19.3ms | ActiveRecord: 0.2ms)


  [1m[36mTask Load (1.3ms)[0m  [1m[34mSELECT  "tasks".* FROM "tasks" LIMIT ?[0m  [["LIMIT", 11]]
Started GET "/tasks" for 127.0.0.1 at 2018-09-22 15:03:44 -0700
  [1m[35m (0.6ms)[0m  [1m[34mSELECT "schema_migrations"."version" FROM "schema_migrations" ORDER BY "schema_migrations"."version" ASC[0m
  ↳ /Users/ada/.rvm/gems/ruby-2.5.1/gems/activerecord-5.2.1/lib/active_record/log_subscriber.rb:98
Processing by TasksController#index as HTML
  Rendering tasks/index.html.erb within layouts/application
  [1m[36mTask Load (0.7ms)[0m  [1m[34mSELECT "tasks".* FROM "tasks"[0m
  ↳ app/views/tasks/index.html.erb:8
  Rendered tasks/index.html.erb within layouts/application (9.3ms)
Completed 200 OK in 220ms (Views: 206.2ms | ActiveRecord: 1.4ms)


